# JRE version: OpenJDK Runtime Environment (8.0_152-b06) (build 1.8.0_152-release-1136-b06)
# Java VM: OpenJDK 64-Bit Server VM (25.152-b06 mixed mode windows-amd64 compressed oops)
Heap:
 PSYoungGen      total 237568K, used 142131K [0x00000000e0000000, 0x00000000f5980000, 0x0000000100000000)
  eden space 212992K, 66% used [0x00000000e0000000,0x00000000e8acce30,0x00000000ed000000)
  from space 24576K, 0% used [0x00000000ed000000,0x00000000ed000000,0x00000000ee800000)
  to   space 53248K, 0% used [0x00000000f2580000,0x00000000f2580000,0x00000000f5980000)
 ParOldGen       total 145408K, used 128392K [0x00000000a0000000, 0x00000000a8e00000, 0x00000000e0000000)
  object space 145408K, 88% used [0x00000000a0000000,0x00000000a7d623d8,0x00000000a8e00000)
 Metaspace       used 72550K, capacity 75708K, committed 75904K, reserved 1114112K
  class space    used 9572K, capacity 10298K, committed 10368K, reserved 1048576K
GC Heap History (10 events):
Event: 25.920 GC heap before
{Heap before GC invocations=17 (full 3):
 PSYoungGen      total 165888K, used 149504K [0x00000000e0000000, 0x00000000ef000000, 0x0000000100000000)
  eden space 149504K, 100% used [0x00000000e0000000,0x00000000e9200000,0x00000000e9200000)
  from space 16384K, 0% used [0x00000000e9200000,0x00000000e9200000,0x00000000ea200000)
  to   space 17408K, 0% used [0x00000000edf00000,0x00000000edf00000,0x00000000ef000000)
 ParOldGen       total 145408K, used 46883K [0x00000000a0000000, 0x00000000a8e00000, 0x00000000e0000000)
  object space 145408K, 32% used [0x00000000a0000000,0x00000000a2dc8c48,0x00000000a8e00000)
 Metaspace       used 62014K, capacity 64482K, committed 64640K, reserved 1105920K
  class space    used 8368K, capacity 9015K, committed 9088K, reserved 1048576K
Event: 25.941 GC heap after
Heap after GC invocations=17 (full 3):
 PSYoungGen      total 193536K, used 9045K [0x00000000e0000000, 0x00000000ee800000, 0x0000000100000000)
  eden space 184320K, 0% used [0x00000000e0000000,0x00000000e0000000,0x00000000eb400000)
  from space 9216K, 98% used [0x00000000edf00000,0x00000000ee7d54d0,0x00000000ee800000)
  to   space 16384K, 0% used [0x00000000ec800000,0x00000000ec800000,0x00000000ed800000)
 ParOldGen       total 145408K, used 46891K [0x00000000a0000000, 0x00000000a8e00000, 0x00000000e0000000)
  object space 145408K, 32% used [0x00000000a0000000,0x00000000a2dcac48,0x00000000a8e00000)
 Metaspace       used 62014K, capacity 64482K, committed 64640K, reserved 1105920K
  class space    used 8368K, capacity 9015K, committed 9088K, reserved 1048576K
}
Event: 103.795 GC heap before
{Heap before GC invocations=18 (full 3):
 PSYoungGen      total 193536K, used 193365K [0x00000000e0000000, 0x00000000ee800000, 0x0000000100000000)
  eden space 184320K, 100% used [0x00000000e0000000,0x00000000eb400000,0x00000000eb400000)
  from space 9216K, 98% used [0x00000000edf00000,0x00000000ee7d54d0,0x00000000ee800000)
  to   space 16384K, 0% used [0x00000000ec800000,0x00000000ec800000,0x00000000ed800000)
 ParOldGen       total 145408K, used 46891K [0x00000000a0000000, 0x00000000a8e00000, 0x00000000e0000000)
  object space 145408K, 32% used [0x00000000a0000000,0x00000000a2dcac48,0x00000000a8e00000)
 Metaspace       used 66246K, capacity 68976K, committed 69248K, reserved 1110016K
  class space    used 8822K, capacity 9512K, committed 9600K, reserved 1048576K
Event: 103.814 GC heap after
Heap after GC invocations=18 (full 3):
 PSYoungGen      total 221184K, used 13656K [0x00000000e0000000, 0x00000000ef900000, 0x0000000100000000)
  eden space 204800K, 0% used [0x00000000e0000000,0x00000000e0000000,0x00000000ec800000)
  from space 16384K, 83% used [0x00000000ec800000,0x00000000ed556338,0x00000000ed800000)
  to   space 17408K, 0% used [0x00000000ee800000,0x00000000ee800000,0x00000000ef900000)
 ParOldGen       total 145408K, used 46899K [0x00000000a0000000, 0x00000000a8e00000, 0x00000000e0000000)
  object space 145408K, 32% used [0x00000000a0000000,0x00000000a2dccc48,0x00000000a8e00000)
 Metaspace       used 66246K, capacity 68976K, committed 69248K, reserved 1110016K
  class space    used 8822K, capacity 9512K, committed 9600K, reserved 1048576K
}
Event: 113.514 GC heap before
{Heap before GC invocations=19 (full 3):
 PSYoungGen      total 221184K, used 218456K [0x00000000e0000000, 0x00000000ef900000, 0x0000000100000000)
  eden space 204800K, 99% used [0x00000000e0000000,0x00000000ec7ffd18,0x00000000ec800000)
  from space 16384K, 83% used [0x00000000ec800000,0x00000000ed556338,0x00000000ed800000)
  to   space 17408K, 0% used [0x00000000ee800000,0x00000000ee800000,0x00000000ef900000)
 ParOldGen       total 145408K, used 46899K [0x00000000a0000000, 0x00000000a8e00000, 0x00000000e0000000)
  object space 145408K, 32% used [0x00000000a0000000,0x00000000a2dccc48,0x00000000a8e00000)
 Metaspace       used 68846K, capacity 71582K, committed 71808K, reserved 1112064K
  class space    used 9087K, capacity 9767K, committed 9856K, reserved 1048576K
Event: 113.542 GC heap after
Heap after GC invocations=19 (full 3):
 PSYoungGen      total 230400K, used 17404K [0x00000000e0000000, 0x00000000f1980000, 0x0000000100000000)
  eden space 212992K, 0% used [0x00000000e0000000,0x00000000e0000000,0x00000000ed000000)
  from space 17408K, 99% used [0x00000000ee800000,0x00000000ef8ff2e8,0x00000000ef900000)
  to   space 24576K, 0% used [0x00000000ed000000,0x00000000ed000000,0x00000000ee800000)
 ParOldGen       total 145408K, used 61032K [0x00000000a0000000, 0x00000000a8e00000, 0x00000000e0000000)
  object space 145408K, 41% used [0x00000000a0000000,0x00000000a3b9a1c8,0x00000000a8e00000)
 Metaspace       used 68846K, capacity 71582K, committed 71808K, reserved 1112064K
  class space    used 9087K, capacity 9767K, committed 9856K, reserved 1048576K
}
Event: 116.741 GC heap before
{Heap before GC invocations=20 (full 3):
 PSYoungGen      total 230400K, used 230396K [0x00000000e0000000, 0x00000000f1980000, 0x0000000100000000)
  eden space 212992K, 100% used [0x00000000e0000000,0x00000000ed000000,0x00000000ed000000)
  from space 17408K, 99% used [0x00000000ee800000,0x00000000ef8ff2e8,0x00000000ef900000)
  to   space 24576K, 0% used [0x00000000ed000000,0x00000000ed000000,0x00000000ee800000)
 ParOldGen       total 145408K, used 61032K [0x00000000a0000000, 0x00000000a8e00000, 0x00000000e0000000)
  object space 145408K, 41% used [0x00000000a0000000,0x00000000a3b9a1c8,0x00000000a8e00000)
 Metaspace       used 72220K, capacity 75176K, committed 75392K, reserved 1114112K
  class space    used 9538K, capacity 10262K, committed 10368K, reserved 1048576K
Event: 116.887 GC heap after
Heap after GC invocations=20 (full 3):
 PSYoungGen      total 237568K, used 24552K [0x00000000e0000000, 0x00000000f5980000, 0x0000000100000000)
  eden space 212992K, 0% used [0x00000000e0000000,0x00000000e0000000,0x00000000ed000000)
  from space 24576K, 99% used [0x00000000ed000000,0x00000000ee7fa048,0x00000000ee800000)
  to   space 53248K, 0% used [0x00000000f2580000,0x00000000f2580000,0x00000000f5980000)
 ParOldGen       total 145408K, used 128700K [0x00000000a0000000, 0x00000000a8e00000, 0x00000000e0000000)
  object space 145408K, 88% used [0x00000000a0000000,0x00000000a7daf220,0x00000000a8e00000)
 Metaspace       used 72220K, capacity 75176K, committed 75392K, reserved 1114112K
  class space    used 9538K, capacity 10262K, committed 10368K, reserved 1048576K
}
Event: 116.887 GC heap before
{Heap before GC invocations=21 (full 4):
 PSYoungGen      total 237568K, used 24552K [0x00000000e0000000, 0x00000000f5980000, 0x0000000100000000)
  eden space 212992K, 0% used [0x00000000e0000000,0x00000000e0000000,0x00000000ed000000)
  from space 24576K, 99% used [0x00000000ed000000,0x00000000ee7fa048,0x00000000ee800000)
  to   space 53248K, 0% used [0x00000000f2580000,0x00000000f2580000,0x00000000f5980000)
 ParOldGen       total 145408K, used 128700K [0x00000000a0000000, 0x00000000a8e00000, 0x00000000e0000000)
  object space 145408K, 88% used [0x00000000a0000000,0x00000000a7daf220,0x00000000a8e00000)
 Metaspace       used 72220K, capacity 75176K, committed 75392K, reserved 1114112K
  class space    used 9538K, capacity 10262K, committed 10368K, reserved 1048576K
Event: 117.952 GC heap after
Heap after GC invocations=21 (full 4):
 PSYoungGen      total 237568K, used 0K [0x00000000e0000000, 0x00000000f5980000, 0x0000000100000000)
  eden space 212992K, 0% used [0x00000000e0000000,0x00000000e0000000,0x00000000ed000000)
  from space 24576K, 0% used [0x00000000ed000000,0x00000000ed000000,0x00000000ee800000)
  to   space 53248K, 0% used [0x00000000f2580000,0x00000000f2580000,0x00000000f5980000)
 ParOldGen       total 145408K, used 128392K [0x00000000a0000000, 0x00000000a8e00000, 0x00000000e0000000)
  object space 145408K, 88% used [0x00000000a0000000,0x00000000a7d623d8,0x00000000a8e00000)
 Metaspace       used 72200K, capacity 75118K, committed 75392K, reserved 1114112K
  class space    used 9531K, capacity 10249K, committed 10368K, reserved 1048576K
}

