# JRE version: OpenJDK Runtime Environment (8.0_152-b06) (build 1.8.0_152-release-1136-b06)
# Java VM: OpenJDK 64-Bit Server VM (25.152-b06 mixed mode windows-amd64 compressed oops)
Heap:
 PSYoungGen      total 388096K, used 3233K [0x00000000e0000000, 0x00000000fcb80000, 0x0000000100000000)
  eden space 309760K, 1% used [0x00000000e0000000,0x00000000e03287f0,0x00000000f2e80000)
  from space 78336K, 0% used [0x00000000f7900000,0x00000000f7900000,0x00000000fc580000)
  to   space 76288K, 0% used [0x00000000f2e80000,0x00000000f2e80000,0x00000000f7900000)
 ParOldGen       total 271872K, used 94664K [0x00000000a0000000, 0x00000000b0980000, 0x00000000e0000000)
  object space 271872K, 34% used [0x00000000a0000000,0x00000000a5c72080,0x00000000b0980000)
 Metaspace       used 137402K, capacity 141268K, committed 146920K, reserved 1177600K
  class space    used 16360K, capacity 17320K, committed 18008K, reserved 1048576K
GC Heap History (10 events):
Event: 4530.986 GC heap before
{Heap before GC invocations=49 (full 4):
 PSYoungGen      total 314880K, used 276020K [0x00000000e0000000, 0x00000000f7680000, 0x0000000100000000)
  eden space 256512K, 100% used [0x00000000e0000000,0x00000000efa80000,0x00000000efa80000)
  from space 58368K, 33% used [0x00000000f3d80000,0x00000000f508d0f8,0x00000000f7680000)
  to   space 63488K, 0% used [0x00000000efa80000,0x00000000efa80000,0x00000000f3880000)
 ParOldGen       total 249856K, used 183895K [0x00000000a0000000, 0x00000000af400000, 0x00000000e0000000)
  object space 249856K, 73% used [0x00000000a0000000,0x00000000ab395d98,0x00000000af400000)
 Metaspace       used 138538K, capacity 142326K, committed 142424K, reserved 1173504K
  class space    used 16510K, capacity 17473K, committed 17496K, reserved 1048576K
Event: 4531.073 GC heap after
Heap after GC invocations=49 (full 4):
 PSYoungGen      total 320000K, used 49447K [0x00000000e0000000, 0x00000000f9280000, 0x0000000100000000)
  eden space 256512K, 0% used [0x00000000e0000000,0x00000000e0000000,0x00000000efa80000)
  from space 63488K, 77% used [0x00000000efa80000,0x00000000f2ac9d58,0x00000000f3880000)
  to   space 68096K, 0% used [0x00000000f5000000,0x00000000f5000000,0x00000000f9280000)
 ParOldGen       total 249856K, used 183903K [0x00000000a0000000, 0x00000000af400000, 0x00000000e0000000)
  object space 249856K, 73% used [0x00000000a0000000,0x00000000ab397d98,0x00000000af400000)
 Metaspace       used 138538K, capacity 142326K, committed 142424K, reserved 1173504K
  class space    used 16510K, capacity 17473K, committed 17496K, reserved 1048576K
}
Event: 4544.361 GC heap before
{Heap before GC invocations=50 (full 4):
 PSYoungGen      total 320000K, used 305959K [0x00000000e0000000, 0x00000000f9280000, 0x0000000100000000)
  eden space 256512K, 100% used [0x00000000e0000000,0x00000000efa80000,0x00000000efa80000)
  from space 63488K, 77% used [0x00000000efa80000,0x00000000f2ac9d58,0x00000000f3880000)
  to   space 68096K, 0% used [0x00000000f5000000,0x00000000f5000000,0x00000000f9280000)
 ParOldGen       total 249856K, used 183903K [0x00000000a0000000, 0x00000000af400000, 0x00000000e0000000)
  object space 249856K, 73% used [0x00000000a0000000,0x00000000ab397d98,0x00000000af400000)
 Metaspace       used 140531K, capacity 144396K, committed 144728K, reserved 1175552K
  class space    used 16695K, capacity 17660K, committed 17752K, reserved 1048576K
Event: 4544.398 GC heap after
Heap after GC invocations=50 (full 4):
 PSYoungGen      total 333824K, used 30303K [0x00000000e0000000, 0x00000000f8a80000, 0x0000000100000000)
  eden space 273920K, 0% used [0x00000000e0000000,0x00000000e0000000,0x00000000f0b80000)
  from space 59904K, 50% used [0x00000000f5000000,0x00000000f6d97e70,0x00000000f8a80000)
  to   space 65024K, 0% used [0x00000000f0b80000,0x00000000f0b80000,0x00000000f4b00000)
 ParOldGen       total 249856K, used 183911K [0x00000000a0000000, 0x00000000af400000, 0x00000000e0000000)
  object space 249856K, 73% used [0x00000000a0000000,0x00000000ab399d98,0x00000000af400000)
 Metaspace       used 140531K, capacity 144396K, committed 144728K, reserved 1175552K
  class space    used 16695K, capacity 17660K, committed 17752K, reserved 1048576K
}
Event: 4545.730 GC heap before
{Heap before GC invocations=51 (full 4):
 PSYoungGen      total 333824K, used 304223K [0x00000000e0000000, 0x00000000f8a80000, 0x0000000100000000)
  eden space 273920K, 100% used [0x00000000e0000000,0x00000000f0b80000,0x00000000f0b80000)
  from space 59904K, 50% used [0x00000000f5000000,0x00000000f6d97e70,0x00000000f8a80000)
  to   space 65024K, 0% used [0x00000000f0b80000,0x00000000f0b80000,0x00000000f4b00000)
 ParOldGen       total 249856K, used 183911K [0x00000000a0000000, 0x00000000af400000, 0x00000000e0000000)
  object space 249856K, 73% used [0x00000000a0000000,0x00000000ab399d98,0x00000000af400000)
 Metaspace       used 141009K, capacity 144872K, committed 144984K, reserved 1177600K
  class space    used 16744K, capacity 17734K, committed 17752K, reserved 1048576K
Event: 4545.793 GC heap after
Heap after GC invocations=51 (full 4):
 PSYoungGen      total 338944K, used 65020K [0x00000000e0000000, 0x00000000fc580000, 0x0000000100000000)
  eden space 273920K, 0% used [0x00000000e0000000,0x00000000e0000000,0x00000000f0b80000)
  from space 65024K, 99% used [0x00000000f0b80000,0x00000000f4aff1a8,0x00000000f4b00000)
  to   space 78336K, 0% used [0x00000000f7900000,0x00000000f7900000,0x00000000fc580000)
 ParOldGen       total 249856K, used 194739K [0x00000000a0000000, 0x00000000af400000, 0x00000000e0000000)
  object space 249856K, 77% used [0x00000000a0000000,0x00000000abe2cd20,0x00000000af400000)
 Metaspace       used 141009K, capacity 144872K, committed 144984K, reserved 1177600K
  class space    used 16744K, capacity 17734K, committed 17752K, reserved 1048576K
}
Event: 4546.484 GC heap before
{Heap before GC invocations=52 (full 4):
 PSYoungGen      total 338944K, used 105101K [0x00000000e0000000, 0x00000000fc580000, 0x0000000100000000)
  eden space 273920K, 14% used [0x00000000e0000000,0x00000000e2724590,0x00000000f0b80000)
  from space 65024K, 99% used [0x00000000f0b80000,0x00000000f4aff1a8,0x00000000f4b00000)
  to   space 78336K, 0% used [0x00000000f7900000,0x00000000f7900000,0x00000000fc580000)
 ParOldGen       total 249856K, used 194739K [0x00000000a0000000, 0x00000000af400000, 0x00000000e0000000)
  object space 249856K, 77% used [0x00000000a0000000,0x00000000abe2cd20,0x00000000af400000)
 Metaspace       used 142879K, capacity 146866K, committed 146920K, reserved 1177600K
  class space    used 16975K, capacity 17983K, committed 18008K, reserved 1048576K
Event: 4546.544 GC heap after
Heap after GC invocations=52 (full 4):
 PSYoungGen      total 388096K, used 40066K [0x00000000e0000000, 0x00000000fcb80000, 0x0000000100000000)
  eden space 309760K, 0% used [0x00000000e0000000,0x00000000e0000000,0x00000000f2e80000)
  from space 78336K, 51% used [0x00000000f7900000,0x00000000fa020ab0,0x00000000fc580000)
  to   space 76288K, 0% used [0x00000000f2e80000,0x00000000f2e80000,0x00000000f7900000)
 ParOldGen       total 249856K, used 199136K [0x00000000a0000000, 0x00000000af400000, 0x00000000e0000000)
  object space 249856K, 79% used [0x00000000a0000000,0x00000000ac278158,0x00000000af400000)
 Metaspace       used 142879K, capacity 146866K, committed 146920K, reserved 1177600K
  class space    used 16975K, capacity 17983K, committed 18008K, reserved 1048576K
}
Event: 4546.544 GC heap before
{Heap before GC invocations=53 (full 5):
 PSYoungGen      total 388096K, used 40066K [0x00000000e0000000, 0x00000000fcb80000, 0x0000000100000000)
  eden space 309760K, 0% used [0x00000000e0000000,0x00000000e0000000,0x00000000f2e80000)
  from space 78336K, 51% used [0x00000000f7900000,0x00000000fa020ab0,0x00000000fc580000)
  to   space 76288K, 0% used [0x00000000f2e80000,0x00000000f2e80000,0x00000000f7900000)
 ParOldGen       total 249856K, used 199136K [0x00000000a0000000, 0x00000000af400000, 0x00000000e0000000)
  object space 249856K, 79% used [0x00000000a0000000,0x00000000ac278158,0x00000000af400000)
 Metaspace       used 142879K, capacity 146866K, committed 146920K, reserved 1177600K
  class space    used 16975K, capacity 17983K, committed 18008K, reserved 1048576K
Event: 4546.955 GC heap after
Heap after GC invocations=53 (full 5):
 PSYoungGen      total 388096K, used 0K [0x00000000e0000000, 0x00000000fcb80000, 0x0000000100000000)
  eden space 309760K, 0% used [0x00000000e0000000,0x00000000e0000000,0x00000000f2e80000)
  from space 78336K, 0% used [0x00000000f7900000,0x00000000f7900000,0x00000000fc580000)
  to   space 76288K, 0% used [0x00000000f2e80000,0x00000000f2e80000,0x00000000f7900000)
 ParOldGen       total 271872K, used 94664K [0x00000000a0000000, 0x00000000b0980000, 0x00000000e0000000)
  object space 271872K, 34% used [0x00000000a0000000,0x00000000a5c72080,0x00000000b0980000)
 Metaspace       used 137221K, capacity 141062K, committed 146920K, reserved 1177600K
  class space    used 16339K, capacity 17315K, committed 18008K, reserved 1048576K
}

