# JRE version: OpenJDK Runtime Environment (8.0_152-b06) (build 1.8.0_152-release-1136-b06)
# Java VM: OpenJDK 64-Bit Server VM (25.152-b06 mixed mode windows-amd64 compressed oops)
Heap:
 PSYoungGen      total 354816K, used 246350K [0x00000000e0000000, 0x00000000fb180000, 0x0000000100000000)
  eden space 314368K, 76% used [0x00000000e0000000,0x00000000ee9f94c8,0x00000000f3300000)
  from space 40448K, 16% used [0x00000000f3300000,0x00000000f399a590,0x00000000f5a80000)
  to   space 39424K, 0% used [0x00000000f8b00000,0x00000000f8b00000,0x00000000fb180000)
 ParOldGen       total 207360K, used 89759K [0x00000000a0000000, 0x00000000aca80000, 0x00000000e0000000)
  object space 207360K, 43% used [0x00000000a0000000,0x00000000a57a7e58,0x00000000aca80000)
 Metaspace       used 91745K, capacity 95566K, committed 95704K, reserved 1132544K
  class space    used 11540K, capacity 12450K, committed 12544K, reserved 1048576K
GC Heap History (10 events):
Event: 1556.873 GC heap before
{Heap before GC invocations=25 (full 4):
 PSYoungGen      total 253440K, used 233568K [0x00000000e0000000, 0x00000000f2580000, 0x0000000100000000)
  eden space 209920K, 100% used [0x00000000e0000000,0x00000000ecd00000,0x00000000ecd00000)
  from space 43520K, 54% used [0x00000000ef780000,0x00000000f0e98190,0x00000000f2200000)
  to   space 43520K, 0% used [0x00000000ecd00000,0x00000000ecd00000,0x00000000ef780000)
 ParOldGen       total 207360K, used 74118K [0x00000000a0000000, 0x00000000aca80000, 0x00000000e0000000)
  object space 207360K, 35% used [0x00000000a0000000,0x00000000a4861b48,0x00000000aca80000)
 Metaspace       used 89899K, capacity 93328K, committed 93400K, reserved 1130496K
  class space    used 11380K, capacity 12231K, committed 12288K, reserved 1048576K
Event: 1556.955 GC heap after
Heap after GC invocations=25 (full 4):
 PSYoungGen      total 253440K, used 21031K [0x00000000e0000000, 0x00000000f4e80000, 0x0000000100000000)
  eden space 209920K, 0% used [0x00000000e0000000,0x00000000e0000000,0x00000000ecd00000)
  from space 43520K, 48% used [0x00000000ecd00000,0x00000000ee189d40,0x00000000ef780000)
  to   space 42496K, 0% used [0x00000000f2500000,0x00000000f2500000,0x00000000f4e80000)
 ParOldGen       total 207360K, used 74118K [0x00000000a0000000, 0x00000000aca80000, 0x00000000e0000000)
  object space 207360K, 35% used [0x00000000a0000000,0x00000000a4861b48,0x00000000aca80000)
 Metaspace       used 89899K, capacity 93328K, committed 93400K, reserved 1130496K
  class space    used 11380K, capacity 12231K, committed 12288K, reserved 1048576K
}
Event: 1558.559 GC heap before
{Heap before GC invocations=26 (full 4):
 PSYoungGen      total 253440K, used 230951K [0x00000000e0000000, 0x00000000f4e80000, 0x0000000100000000)
  eden space 209920K, 100% used [0x00000000e0000000,0x00000000ecd00000,0x00000000ecd00000)
  from space 43520K, 48% used [0x00000000ecd00000,0x00000000ee189d40,0x00000000ef780000)
  to   space 42496K, 0% used [0x00000000f2500000,0x00000000f2500000,0x00000000f4e80000)
 ParOldGen       total 207360K, used 74118K [0x00000000a0000000, 0x00000000aca80000, 0x00000000e0000000)
  object space 207360K, 35% used [0x00000000a0000000,0x00000000a4861b48,0x00000000aca80000)
 Metaspace       used 90765K, capacity 94404K, committed 94552K, reserved 1132544K
  class space    used 11472K, capacity 12331K, committed 12416K, reserved 1048576K
Event: 1558.593 GC heap after
Heap after GC invocations=26 (full 4):
 PSYoungGen      total 300032K, used 20971K [0x00000000e0000000, 0x00000000f4d00000, 0x0000000100000000)
  eden space 259072K, 0% used [0x00000000e0000000,0x00000000e0000000,0x00000000efd00000)
  from space 40960K, 51% used [0x00000000f2500000,0x00000000f397add8,0x00000000f4d00000)
  to   space 40960K, 0% used [0x00000000efd00000,0x00000000efd00000,0x00000000f2500000)
 ParOldGen       total 207360K, used 74126K [0x00000000a0000000, 0x00000000aca80000, 0x00000000e0000000)
  object space 207360K, 35% used [0x00000000a0000000,0x00000000a4863b48,0x00000000aca80000)
 Metaspace       used 90765K, capacity 94404K, committed 94552K, reserved 1132544K
  class space    used 11472K, capacity 12331K, committed 12416K, reserved 1048576K
}
Event: 1562.706 GC heap before
{Heap before GC invocations=27 (full 4):
 PSYoungGen      total 300032K, used 280043K [0x00000000e0000000, 0x00000000f4d00000, 0x0000000100000000)
  eden space 259072K, 100% used [0x00000000e0000000,0x00000000efd00000,0x00000000efd00000)
  from space 40960K, 51% used [0x00000000f2500000,0x00000000f397add8,0x00000000f4d00000)
  to   space 40960K, 0% used [0x00000000efd00000,0x00000000efd00000,0x00000000f2500000)
 ParOldGen       total 207360K, used 74126K [0x00000000a0000000, 0x00000000aca80000, 0x00000000e0000000)
  object space 207360K, 35% used [0x00000000a0000000,0x00000000a4863b48,0x00000000aca80000)
 Metaspace       used 91002K, capacity 94628K, committed 94808K, reserved 1132544K
  class space    used 11479K, capacity 12331K, committed 12416K, reserved 1048576K
Event: 1562.723 GC heap after
Heap after GC invocations=27 (full 4):
 PSYoungGen      total 300032K, used 8905K [0x00000000e0000000, 0x00000000f8200000, 0x0000000100000000)
  eden space 259072K, 0% used [0x00000000e0000000,0x00000000e0000000,0x00000000efd00000)
  from space 40960K, 21% used [0x00000000efd00000,0x00000000f05b2688,0x00000000f2500000)
  to   space 40448K, 0% used [0x00000000f5a80000,0x00000000f5a80000,0x00000000f8200000)
 ParOldGen       total 207360K, used 81173K [0x00000000a0000000, 0x00000000aca80000, 0x00000000e0000000)
  object space 207360K, 39% used [0x00000000a0000000,0x00000000a4f45498,0x00000000aca80000)
 Metaspace       used 91002K, capacity 94628K, committed 94808K, reserved 1132544K
  class space    used 11479K, capacity 12331K, committed 12416K, reserved 1048576K
}
Event: 1563.847 GC heap before
{Heap before GC invocations=28 (full 4):
 PSYoungGen      total 300032K, used 267977K [0x00000000e0000000, 0x00000000f8200000, 0x0000000100000000)
  eden space 259072K, 100% used [0x00000000e0000000,0x00000000efd00000,0x00000000efd00000)
  from space 40960K, 21% used [0x00000000efd00000,0x00000000f05b2688,0x00000000f2500000)
  to   space 40448K, 0% used [0x00000000f5a80000,0x00000000f5a80000,0x00000000f8200000)
 ParOldGen       total 207360K, used 81173K [0x00000000a0000000, 0x00000000aca80000, 0x00000000e0000000)
  object space 207360K, 39% used [0x00000000a0000000,0x00000000a4f45498,0x00000000aca80000)
 Metaspace       used 91089K, capacity 94814K, committed 95064K, reserved 1132544K
  class space    used 11488K, capacity 12366K, committed 12416K, reserved 1048576K
Event: 1563.868 GC heap after
Heap after GC invocations=28 (full 4):
 PSYoungGen      total 354816K, used 3396K [0x00000000e0000000, 0x00000000f8400000, 0x0000000100000000)
  eden space 314368K, 0% used [0x00000000e0000000,0x00000000e0000000,0x00000000f3300000)
  from space 40448K, 8% used [0x00000000f5a80000,0x00000000f5dd10f0,0x00000000f8200000)
  to   space 40448K, 0% used [0x00000000f3300000,0x00000000f3300000,0x00000000f5a80000)
 ParOldGen       total 207360K, used 87764K [0x00000000a0000000, 0x00000000aca80000, 0x00000000e0000000)
  object space 207360K, 42% used [0x00000000a0000000,0x00000000a55b5200,0x00000000aca80000)
 Metaspace       used 91089K, capacity 94814K, committed 95064K, reserved 1132544K
  class space    used 11488K, capacity 12366K, committed 12416K, reserved 1048576K
}
Event: 1565.812 GC heap before
{Heap before GC invocations=29 (full 4):
 PSYoungGen      total 354816K, used 317764K [0x00000000e0000000, 0x00000000f8400000, 0x0000000100000000)
  eden space 314368K, 100% used [0x00000000e0000000,0x00000000f3300000,0x00000000f3300000)
  from space 40448K, 8% used [0x00000000f5a80000,0x00000000f5dd10f0,0x00000000f8200000)
  to   space 40448K, 0% used [0x00000000f3300000,0x00000000f3300000,0x00000000f5a80000)
 ParOldGen       total 207360K, used 87764K [0x00000000a0000000, 0x00000000aca80000, 0x00000000e0000000)
  object space 207360K, 42% used [0x00000000a0000000,0x00000000a55b5200,0x00000000aca80000)
 Metaspace       used 91205K, capacity 95006K, committed 95064K, reserved 1132544K
  class space    used 11496K, capacity 12402K, committed 12416K, reserved 1048576K
Event: 1565.834 GC heap after
Heap after GC invocations=29 (full 4):
 PSYoungGen      total 354816K, used 6761K [0x00000000e0000000, 0x00000000fb180000, 0x0000000100000000)
  eden space 314368K, 0% used [0x00000000e0000000,0x00000000e0000000,0x00000000f3300000)
  from space 40448K, 16% used [0x00000000f3300000,0x00000000f399a590,0x00000000f5a80000)
  to   space 39424K, 0% used [0x00000000f8b00000,0x00000000f8b00000,0x00000000fb180000)
 ParOldGen       total 207360K, used 89759K [0x00000000a0000000, 0x00000000aca80000, 0x00000000e0000000)
  object space 207360K, 43% used [0x00000000a0000000,0x00000000a57a7e58,0x00000000aca80000)
 Metaspace       used 91205K, capacity 95006K, committed 95064K, reserved 1132544K
  class space    used 11496K, capacity 12402K, committed 12416K, reserved 1048576K
}

